2021-11-14 10:11:29,607 INFO  [restartedMain] com.ibcs.attendance.AttendanceApplication : Starting AttendanceApplication using Java 11.0.10 on ibcsoutsource01 with PID 2012 (D:\Projects\JavaProject\IBCS-Project-All\HRMS-Spring-Boot\attendance\target\classes started by Intern in D:\Projects\JavaProject\IBCS-Project-All\HRMS-Spring-Boot)
2021-11-14 10:11:29,611 INFO  [restartedMain] com.ibcs.attendance.AttendanceApplication : No active profile set, falling back to default profiles: default
2021-11-14 10:11:29,745 INFO  [restartedMain] org.springframework.boot.devtools.env.DevToolsPropertyDefaultsPostProcessor : Devtools property defaults active! Set 'spring.devtools.add-properties' to 'false' to disable
2021-11-14 10:11:29,758 INFO  [restartedMain] org.springframework.boot.devtools.env.DevToolsPropertyDefaultsPostProcessor : For additional web related logging consider setting the 'logging.level.web' property to 'DEBUG'
2021-11-14 10:11:31,803 INFO  [restartedMain] org.springframework.data.repository.config.RepositoryConfigurationDelegate : Bootstrapping Spring Data JPA repositories in DEFAULT mode.
2021-11-14 10:11:31,966 INFO  [restartedMain] org.springframework.data.repository.config.RepositoryConfigurationDelegate : Finished Spring Data repository scanning in 153 ms. Found 1 JPA repository interfaces.
2021-11-14 10:11:32,506 INFO  [restartedMain] org.springframework.cloud.context.scope.GenericScope : BeanFactory id=3b6fb6c2-1c97-3968-a02b-2c5082820897
2021-11-14 10:11:34,099 INFO  [restartedMain] org.springframework.boot.web.embedded.tomcat.TomcatWebServer : Tomcat initialized with port(s): 9095 (http)
2021-11-14 10:11:34,123 INFO  [restartedMain] org.apache.catalina.core.StandardService : Starting service [Tomcat]
2021-11-14 10:11:34,124 INFO  [restartedMain] org.apache.catalina.core.StandardEngine : Starting Servlet engine: [Apache Tomcat/9.0.54]
2021-11-14 10:11:34,478 INFO  [restartedMain] org.apache.catalina.core.ContainerBase.[Tomcat].[localhost].[/attendance] : Initializing Spring embedded WebApplicationContext
2021-11-14 10:11:34,479 INFO  [restartedMain] org.springframework.boot.web.servlet.context.ServletWebServerApplicationContext : Root WebApplicationContext: initialization completed in 4720 ms
2021-11-14 10:11:34,970 INFO  [restartedMain] org.hibernate.jpa.internal.util.LogHelper : HHH000204: Processing PersistenceUnitInfo [name: default]
2021-11-14 10:11:35,049 INFO  [restartedMain] org.hibernate.Version : HHH000412: Hibernate ORM core version 5.4.32.Final
2021-11-14 10:11:35,240 INFO  [restartedMain] org.hibernate.annotations.common.Version : HCANN000001: Hibernate Commons Annotations {5.1.2.Final}
2021-11-14 10:11:35,356 INFO  [restartedMain] com.zaxxer.hikari.HikariDataSource : HikariPool-1 - Starting...
2021-11-14 10:11:36,152 INFO  [restartedMain] com.zaxxer.hikari.HikariDataSource : HikariPool-1 - Start completed.
2021-11-14 10:11:36,201 INFO  [restartedMain] org.hibernate.dialect.Dialect : HHH000400: Using dialect: org.hibernate.dialect.PostgreSQL95Dialect
2021-11-14 10:11:37,810 INFO  [restartedMain] org.hibernate.engine.transaction.jta.platform.internal.JtaPlatformInitiator : HHH000490: Using JtaPlatform implementation: [org.hibernate.engine.transaction.jta.platform.internal.NoJtaPlatform]
2021-11-14 10:11:37,842 INFO  [restartedMain] org.springframework.orm.jpa.LocalContainerEntityManagerFactoryBean : Initialized JPA EntityManagerFactory for persistence unit 'default'
2021-11-14 10:11:38,505 WARN  [restartedMain] org.springframework.boot.autoconfigure.orm.jpa.JpaBaseConfiguration$JpaWebConfiguration : spring.jpa.open-in-view is enabled by default. Therefore, database queries may be performed during view rendering. Explicitly configure spring.jpa.open-in-view to disable this warning
2021-11-14 10:11:39,009 INFO  [restartedMain] org.springframework.boot.devtools.autoconfigure.OptionalLiveReloadServer : LiveReload server is running on port 35729
2021-11-14 10:11:39,108 INFO  [restartedMain] org.springframework.cloud.netflix.eureka.config.DiscoveryClientOptionalArgsConfiguration : Eureka HTTP Client uses RestTemplate.
2021-11-14 10:11:39,312 WARN  [restartedMain] org.springframework.cloud.loadbalancer.config.LoadBalancerCacheAutoConfiguration$LoadBalancerCaffeineWarnLogger : Spring Cloud LoadBalancer is currently working with the default cache. You can switch to using Caffeine cache, by adding it and org.springframework.cache.caffeine.CaffeineCacheManager to the classpath.
2021-11-14 10:11:39,416 INFO  [restartedMain] org.springframework.cloud.netflix.eureka.InstanceInfoFactory : Setting initial instance status as: STARTING
2021-11-14 10:11:39,448 INFO  [restartedMain] com.netflix.discovery.DiscoveryClient : Initializing Eureka in region us-east-1
2021-11-14 10:11:39,453 INFO  [restartedMain] com.netflix.discovery.shared.resolver.aws.ConfigClusterResolver : Resolving eureka endpoints via configuration
2021-11-14 10:11:39,474 INFO  [restartedMain] com.netflix.discovery.DiscoveryClient : Disable delta property : false
2021-11-14 10:11:39,475 INFO  [restartedMain] com.netflix.discovery.DiscoveryClient : Single vip registry refresh property : null
2021-11-14 10:11:39,475 INFO  [restartedMain] com.netflix.discovery.DiscoveryClient : Force full registry fetch : false
2021-11-14 10:11:39,475 INFO  [restartedMain] com.netflix.discovery.DiscoveryClient : Application is null : false
2021-11-14 10:11:39,475 INFO  [restartedMain] com.netflix.discovery.DiscoveryClient : Registered Applications size is zero : true
2021-11-14 10:11:39,475 INFO  [restartedMain] com.netflix.discovery.DiscoveryClient : Application version is -1: true
2021-11-14 10:11:39,475 INFO  [restartedMain] com.netflix.discovery.DiscoveryClient : Getting all instance registry info from the eureka server
2021-11-14 10:11:39,820 INFO  [restartedMain] com.netflix.discovery.DiscoveryClient : The response status is 200
2021-11-14 10:11:39,823 INFO  [restartedMain] com.netflix.discovery.DiscoveryClient : Starting heartbeat executor: renew interval is: 30
2021-11-14 10:11:39,825 INFO  [restartedMain] com.netflix.discovery.InstanceInfoReplicator : InstanceInfoReplicator onDemand update allowed rate per min is 4
2021-11-14 10:11:39,831 INFO  [restartedMain] com.netflix.discovery.DiscoveryClient : Discovery Client initialized at timestamp 1636863099830 with initial instances count: 1
2021-11-14 10:11:39,834 INFO  [restartedMain] org.springframework.cloud.netflix.eureka.serviceregistry.EurekaServiceRegistry : Registering application ATTENDANCE-SERVICE with eureka with status UP
2021-11-14 10:11:39,835 INFO  [restartedMain] com.netflix.discovery.DiscoveryClient : Saw local status change event StatusChangeEvent [timestamp=1636863099835, current=UP, previous=STARTING]
2021-11-14 10:11:39,837 INFO  [DiscoveryClient-InstanceInfoReplicator-0] com.netflix.discovery.DiscoveryClient : DiscoveryClient_ATTENDANCE-SERVICE/ibcsoutsource01.ibcs-primax.com:ATTENDANCE-SERVICE:9095: registering service...
2021-11-14 10:11:39,873 INFO  [restartedMain] org.springframework.boot.web.embedded.tomcat.TomcatWebServer : Tomcat started on port(s): 9095 (http) with context path '/attendance'
2021-11-14 10:11:39,874 INFO  [restartedMain] org.springframework.cloud.netflix.eureka.serviceregistry.EurekaAutoServiceRegistration : Updating port to 9095
2021-11-14 10:11:39,905 INFO  [DiscoveryClient-InstanceInfoReplicator-0] com.netflix.discovery.DiscoveryClient : DiscoveryClient_ATTENDANCE-SERVICE/ibcsoutsource01.ibcs-primax.com:ATTENDANCE-SERVICE:9095 - registration status: 204
2021-11-14 10:11:39,940 INFO  [restartedMain] com.ibcs.attendance.AttendanceApplication : Started AttendanceApplication in 11.518 seconds (JVM running for 14.687)
2021-11-14 10:15:10,283 INFO  [http-nio-9095-exec-1] org.apache.catalina.core.ContainerBase.[Tomcat].[localhost].[/attendance] : Initializing Spring DispatcherServlet 'dispatcherServlet'
2021-11-14 10:16:39,476 INFO  [AsyncResolver-bootstrap-executor-0] com.netflix.discovery.shared.resolver.aws.ConfigClusterResolver : Resolving eureka endpoints via configuration
2021-11-14 10:21:39,477 INFO  [AsyncResolver-bootstrap-executor-0] com.netflix.discovery.shared.resolver.aws.ConfigClusterResolver : Resolving eureka endpoints via configuration
2021-11-14 10:26:39,478 INFO  [AsyncResolver-bootstrap-executor-0] com.netflix.discovery.shared.resolver.aws.ConfigClusterResolver : Resolving eureka endpoints via configuration
2021-11-14 10:31:39,479 INFO  [AsyncResolver-bootstrap-executor-0] com.netflix.discovery.shared.resolver.aws.ConfigClusterResolver : Resolving eureka endpoints via configuration
2021-11-14 10:36:39,480 INFO  [AsyncResolver-bootstrap-executor-0] com.netflix.discovery.shared.resolver.aws.ConfigClusterResolver : Resolving eureka endpoints via configuration
2021-11-14 10:41:39,483 INFO  [AsyncResolver-bootstrap-executor-0] com.netflix.discovery.shared.resolver.aws.ConfigClusterResolver : Resolving eureka endpoints via configuration
2021-11-14 10:46:39,484 INFO  [AsyncResolver-bootstrap-executor-0] com.netflix.discovery.shared.resolver.aws.ConfigClusterResolver : Resolving eureka endpoints via configuration
2021-11-14 10:51:39,484 INFO  [AsyncResolver-bootstrap-executor-0] com.netflix.discovery.shared.resolver.aws.ConfigClusterResolver : Resolving eureka endpoints via configuration
